<?xml version="1.0" encoding="UTF-8"?>
<!-- Generated by org.testng.reporters.JUnitXMLReporter -->
<testsuite ignored="0" hostname="LAPTOP-CF2T1U0H" failures="0" tests="3" name="Test" time="52.529" errors="0" timestamp="2024-08-08T13:12:27 IST">
  <testcase classname="com.comcast.crm.orgtest.CreateOrganizationTest2" name="createOrganizationTest" time="18.466"/>
  <testcase classname="com.comcast.crm.orgtest.CreateOrganizationTest2" name="createOrganizationWithIndustriesTest" time="8.332"/>
  <testcase classname="com.comcast.crm.orgtest.CreateOrganizationTest2" name="createOrganizationWithPhoneNumberTest" time="7.92"/>
</testsuite> <!-- Test -->
